Using pre-set license
Built from '2020.2/release' branch; Version is '2020.2.1f1 (270dd8c3da1c) revision 2559448'; Using compiler version '192528614'; Build Type 'Release'
OS: 'Windows 10  (10.0.0) 64bit' Language: 'en' Physical Memory: 32626 MB
BatchMode: 1, IsHumanControllingUs: 0, StartBugReporterOnCrash: 0, Is64bit: 1, IsPro: 0

 COMMAND LINE ARGUMENTS:
D:\Unity\2020.2.1f1\Editor\Unity.exe
-adb2
-batchMode
-noUpm
-name
AssetImportWorker0
-projectPath
D:/__LocalUnityProjects/TileCrash
-logFile
Logs/AssetImportWorker0.log
-srvPort
62238
Successfully changed project path to: D:/__LocalUnityProjects/TileCrash
D:/__LocalUnityProjects/TileCrash
Using Asset Import Pipeline V2.
Refreshing native plugins compatible for Editor in 31.58 ms, found 0 plugins.
Preloading 0 native plugins for Editor in 0.00 ms.
Initialize engine version: 2020.2.1f1 (270dd8c3da1c)
[Subsystems] Discovering subsystems at path D:/Unity/2020.2.1f1/Editor/Data/Resources/UnitySubsystems
[Subsystems] Discovering subsystems at path D:/__LocalUnityProjects/TileCrash/Assets
GfxDevice: creating device client; threaded=0
Direct3D:
    Version:  Direct3D 11.0 [level 11.1]
    Renderer: NVIDIA GeForce GTX 1070 (ID=0x1b81)
    Vendor:   
    VRAM:     8088 MB
    Driver:   27.21.14.6109
Initialize mono
Mono path[0] = 'D:/Unity/2020.2.1f1/Editor/Data/Managed'
Mono path[1] = 'D:/Unity/2020.2.1f1/Editor/Data/MonoBleedingEdge/lib/mono/unityjit'
Mono config path = 'D:/Unity/2020.2.1f1/Editor/Data/MonoBleedingEdge/etc'
Using monoOptions --debugger-agent=transport=dt_socket,embedding=1,server=y,suspend=n,address=127.0.0.1:56840
Begin MonoManager ReloadAssembly
Registering precompiled unity dll's ...
Register platform support module: D:/Unity/2020.2.1f1/Editor/Data/PlaybackEngines/WindowsStandaloneSupport/UnityEditor.WindowsStandalone.Extensions.dll
Registered in 0.001617 seconds.
Native extension for WindowsStandalone target not found
Refreshing native plugins compatible for Editor in 54.29 ms, found 0 plugins.
Preloading 0 native plugins for Editor in 0.00 ms.
Invoked RoslynAnalysisRunner static constructor.
RoslynAnalysisRunner will not be running.
RoslynAnalysisRunner has terminated.
Mono: successfully reloaded assembly
- Completed reload, in  2.190 seconds
Platform modules already initialized, skipping
Registering precompiled user dll's ...
Registered in 0.001079 seconds.
Begin MonoManager ReloadAssembly
Native extension for WindowsStandalone target not found
Refreshing native plugins compatible for Editor in 0.34 ms, found 0 plugins.
Preloading 0 native plugins for Editor in 0.00 ms.
Invoked RoslynAnalysisRunner static constructor.
RoslynAnalysisRunner will not be running.
RoslynAnalysisRunner has terminated.
Mono: successfully reloaded assembly
- Completed reload, in  1.519 seconds
Platform modules already initialized, skipping
========================================================================
Worker process is ready to serve import requests
Launched and connected shader compiler UnityShaderCompiler.exe after 0.06 seconds
Refreshing native plugins compatible for Editor in 0.42 ms, found 0 plugins.
Preloading 0 native plugins for Editor in 0.00 ms.
Unloading 1095 Unused Serialized files (Serialized files now loaded: 0)
System memory in use before: 56.5 MB.
System memory in use after: 56.6 MB.

Unloading 9 unused Assets to reduce memory usage. Loaded Objects now: 1536.
Total: 2.664000 ms (FindLiveObjects: 0.271000 ms CreateObjectMapping: 0.139100 ms MarkObjects: 2.189700 ms  DeleteObjects: 0.061900 ms)

========================================================================
Received Import Request.
  path: Assets/Tiles
  artifactKey: Guid(6f8784b67b31c456992ab75b0824c26f) Importer(815301076,1909f56bfc062723c751e8b465ee728b)
Start importing Assets/Tiles using Guid(6f8784b67b31c456992ab75b0824c26f) Importer(815301076,1909f56bfc062723c751e8b465ee728b)  -> (artifact id: '314cb3c87186036273c8ae5e96e2f4c2') in 0.014089 seconds
  Import took 0.017560 seconds .

========================================================================
Received Import Request.
  Time since last request: 85.909445 seconds.
  path: Assets/Materials
  artifactKey: Guid(297daf3363b1c904eb105478d9fd5cd1) Importer(815301076,1909f56bfc062723c751e8b465ee728b)
Start importing Assets/Materials using Guid(297daf3363b1c904eb105478d9fd5cd1) Importer(815301076,1909f56bfc062723c751e8b465ee728b)  -> (artifact id: 'c0531234f4c7cde6b1417302cefc0b14') in 0.009898 seconds
  Import took 0.015704 seconds .

========================================================================
Received Prepare
Registering precompiled user dll's ...
Registered in 0.000902 seconds.
Begin MonoManager ReloadAssembly
Native extension for WindowsStandalone target not found
Refreshing native plugins compatible for Editor in 0.25 ms, found 0 plugins.
Preloading 0 native plugins for Editor in 0.00 ms.
Invoked RoslynAnalysisRunner static constructor.
RoslynAnalysisRunner will not be running.
RoslynAnalysisRunner has terminated.
Mono: successfully reloaded assembly
- Completed reload, in  1.556 seconds
Platform modules already initialized, skipping
Refreshing native plugins compatible for Editor in 0.41 ms, found 0 plugins.
Preloading 0 native plugins for Editor in 0.00 ms.
Unloading 1091 Unused Serialized files (Serialized files now loaded: 0)
System memory in use before: 56.6 MB.
System memory in use after: 56.7 MB.

Unloading 4 unused Assets to reduce memory usage. Loaded Objects now: 1538.
Total: 2.401000 ms (FindLiveObjects: 0.227400 ms CreateObjectMapping: 0.101100 ms MarkObjects: 2.038300 ms  DeleteObjects: 0.032300 ms)

========================================================================
Received Import Request.
  Time since last request: 712.779731 seconds.
  path: Assets/Scenes/Main/LightingData.asset
  artifactKey: Guid(6a97faf2d216d9f4eb2d1a745bc2ddae) Importer(815301076,1909f56bfc062723c751e8b465ee728b)
Start importing Assets/Scenes/Main/LightingData.asset using Guid(6a97faf2d216d9f4eb2d1a745bc2ddae) Importer(815301076,1909f56bfc062723c751e8b465ee728b)  -> (artifact id: '99f5c7eefe06fe3da3d58ff8da9170e5') in 0.094752 seconds
  Import took 0.101016 seconds .

========================================================================
Received Import Request.
  Time since last request: 1.832424 seconds.
  path: Assets/Scenes/Main/ReflectionProbe-0.exr
  artifactKey: Guid(e2bab34a60f7e134db68c44a811c10d3) Importer(815301076,1909f56bfc062723c751e8b465ee728b)
Start importing Assets/Scenes/Main/ReflectionProbe-0.exr using Guid(e2bab34a60f7e134db68c44a811c10d3) Importer(815301076,1909f56bfc062723c751e8b465ee728b)  -> (artifact id: '8df98cd26cb1c243f900f4c3ba4b7b83') in 0.822263 seconds
  Import took 0.825879 seconds .

========================================================================
Received Prepare
Registering precompiled user dll's ...
Registered in 0.001090 seconds.
Begin MonoManager ReloadAssembly
Native extension for WindowsStandalone target not found
Refreshing native plugins compatible for Editor in 0.40 ms, found 0 plugins.
Preloading 0 native plugins for Editor in 0.00 ms.
Invoked RoslynAnalysisRunner static constructor.
RoslynAnalysisRunner will not be running.
RoslynAnalysisRunner has terminated.
Mono: successfully reloaded assembly
- Completed reload, in  1.587 seconds
Platform modules already initialized, skipping
Refreshing native plugins compatible for Editor in 0.33 ms, found 0 plugins.
Preloading 0 native plugins for Editor in 0.00 ms.
Unloading 1092 Unused Serialized files (Serialized files now loaded: 0)
System memory in use before: 60.2 MB.
System memory in use after: 60.3 MB.

Unloading 4 unused Assets to reduce memory usage. Loaded Objects now: 1572.
Total: 3.734200 ms (FindLiveObjects: 0.884000 ms CreateObjectMapping: 0.165500 ms MarkObjects: 2.650400 ms  DeleteObjects: 0.031400 ms)

========================================================================
Received Import Request.
  Time since last request: 721.771990 seconds.
  path: Assets/Initialize.cs
  artifactKey: Guid(c3a212a36dbe621488be11add16bf807) Importer(815301076,1909f56bfc062723c751e8b465ee728b)
Start importing Assets/Initialize.cs using Guid(c3a212a36dbe621488be11add16bf807) Importer(815301076,1909f56bfc062723c751e8b465ee728b)  -> (artifact id: '04ed983f62bb574d9d0b0adf8353a3b2') in 0.026561 seconds
  Import took 0.029525 seconds .

========================================================================
Received Prepare
Registering precompiled user dll's ...
Registered in 0.000988 seconds.
Begin MonoManager ReloadAssembly
Native extension for WindowsStandalone target not found
Refreshing native plugins compatible for Editor in 0.36 ms, found 0 plugins.
Preloading 0 native plugins for Editor in 0.00 ms.
Invoked RoslynAnalysisRunner static constructor.
RoslynAnalysisRunner will not be running.
RoslynAnalysisRunner has terminated.
Mono: successfully reloaded assembly
- Completed reload, in  1.439 seconds
Platform modules already initialized, skipping
Refreshing native plugins compatible for Editor in 0.28 ms, found 0 plugins.
Preloading 0 native plugins for Editor in 0.00 ms.
Unloading 1093 Unused Serialized files (Serialized files now loaded: 0)
System memory in use before: 60.4 MB.
System memory in use after: 60.5 MB.

Unloading 4 unused Assets to reduce memory usage. Loaded Objects now: 1575.
Total: 2.202500 ms (FindLiveObjects: 0.237800 ms CreateObjectMapping: 0.067100 ms MarkObjects: 1.872000 ms  DeleteObjects: 0.023700 ms)

========================================================================
Received Prepare
Registering precompiled user dll's ...
Registered in 0.001132 seconds.
Begin MonoManager ReloadAssembly
Native extension for WindowsStandalone target not found
Refreshing native plugins compatible for Editor in 0.37 ms, found 0 plugins.
Preloading 0 native plugins for Editor in 0.00 ms.
Invoked RoslynAnalysisRunner static constructor.
RoslynAnalysisRunner will not be running.
RoslynAnalysisRunner has terminated.
Mono: successfully reloaded assembly
- Completed reload, in  1.428 seconds
Platform modules already initialized, skipping
Refreshing native plugins compatible for Editor in 0.94 ms, found 0 plugins.
Preloading 0 native plugins for Editor in 0.00 ms.
Unloading 1092 Unused Serialized files (Serialized files now loaded: 0)
System memory in use before: 60.5 MB.
System memory in use after: 60.6 MB.

Unloading 5 unused Assets to reduce memory usage. Loaded Objects now: 1576.
Total: 3.684000 ms (FindLiveObjects: 0.262500 ms CreateObjectMapping: 0.077700 ms MarkObjects: 3.320200 ms  DeleteObjects: 0.022100 ms)

========================================================================
Received Import Request.
  Time since last request: 45.429996 seconds.
  path: Assets
  artifactKey: Guid(00000000000000001000000000000000) Importer(815301076,1909f56bfc062723c751e8b465ee728b)
Start importing Assets using Guid(00000000000000001000000000000000) Importer(815301076,1909f56bfc062723c751e8b465ee728b)  -> (artifact id: 'e1a2c4dac9df7c17871e19a3b74f0e9f') in 0.012779 seconds
  Import took 0.016175 seconds .

========================================================================
Received Import Request.
  Time since last request: 9.452914 seconds.
  path: Assets/Initializer.cs
  artifactKey: Guid(231b717aa0bfb88408945c628f116443) Importer(815301076,1909f56bfc062723c751e8b465ee728b)
Start importing Assets/Initializer.cs using Guid(231b717aa0bfb88408945c628f116443) Importer(815301076,1909f56bfc062723c751e8b465ee728b)  -> (artifact id: '760ff5f2ac89360d3d05d3f2c8425504') in 0.011776 seconds
  Import took 0.015164 seconds .

========================================================================
Received Prepare
Registering precompiled user dll's ...
Registered in 0.000752 seconds.
Begin MonoManager ReloadAssembly
Native extension for WindowsStandalone target not found
Refreshing native plugins compatible for Editor in 0.23 ms, found 0 plugins.
Preloading 0 native plugins for Editor in 0.00 ms.
Invoked RoslynAnalysisRunner static constructor.
RoslynAnalysisRunner will not be running.
RoslynAnalysisRunner has terminated.
Mono: successfully reloaded assembly
- Completed reload, in  1.316 seconds
Platform modules already initialized, skipping
Refreshing native plugins compatible for Editor in 0.49 ms, found 0 plugins.
Preloading 0 native plugins for Editor in 0.00 ms.
Unloading 1093 Unused Serialized files (Serialized files now loaded: 0)
System memory in use before: 60.7 MB.
System memory in use after: 60.8 MB.

Unloading 4 unused Assets to reduce memory usage. Loaded Objects now: 1579.
Total: 2.304400 ms (FindLiveObjects: 0.265600 ms CreateObjectMapping: 0.085300 ms MarkObjects: 1.935400 ms  DeleteObjects: 0.016800 ms)

AssetImportWorkerClient::OnTransportError - code=2 error=End of file
