Using pre-set license
Built from '2020.2/release' branch; Version is '2020.2.1f1 (270dd8c3da1c) revision 2559448'; Using compiler version '192528614'; Build Type 'Release'
OS: 'Windows 10  (10.0.0) 64bit' Language: 'en' Physical Memory: 32626 MB
BatchMode: 1, IsHumanControllingUs: 0, StartBugReporterOnCrash: 0, Is64bit: 1, IsPro: 0

 COMMAND LINE ARGUMENTS:
D:\Unity\2020.2.1f1\Editor\Unity.exe
-adb2
-batchMode
-noUpm
-name
AssetImportWorker0
-projectPath
D:/__LocalUnityProjects/programmingtest-match3-public
-logFile
Logs/AssetImportWorker0.log
-srvPort
61562
Successfully changed project path to: D:/__LocalUnityProjects/programmingtest-match3-public
D:/__LocalUnityProjects/programmingtest-match3-public
Using Asset Import Pipeline V2.
Refreshing native plugins compatible for Editor in 61.51 ms, found 0 plugins.
Preloading 0 native plugins for Editor in 0.00 ms.
Initialize engine version: 2020.2.1f1 (270dd8c3da1c)
[Subsystems] Discovering subsystems at path D:/Unity/2020.2.1f1/Editor/Data/Resources/UnitySubsystems
[Subsystems] Discovering subsystems at path D:/__LocalUnityProjects/programmingtest-match3-public/Assets
GfxDevice: creating device client; threaded=0
Direct3D:
    Version:  Direct3D 11.0 [level 11.1]
    Renderer: NVIDIA GeForce GTX 1070 (ID=0x1b81)
    Vendor:   
    VRAM:     8088 MB
    Driver:   27.21.14.6109
Initialize mono
Mono path[0] = 'D:/Unity/2020.2.1f1/Editor/Data/Managed'
Mono path[1] = 'D:/Unity/2020.2.1f1/Editor/Data/MonoBleedingEdge/lib/mono/unityjit'
Mono config path = 'D:/Unity/2020.2.1f1/Editor/Data/MonoBleedingEdge/etc'
Using monoOptions --debugger-agent=transport=dt_socket,embedding=1,server=y,suspend=n,address=127.0.0.1:56192
Begin MonoManager ReloadAssembly
Registering precompiled unity dll's ...
Register platform support module: D:/Unity/2020.2.1f1/Editor/Data/PlaybackEngines/WindowsStandaloneSupport/UnityEditor.WindowsStandalone.Extensions.dll
Registered in 0.001687 seconds.
Native extension for WindowsStandalone target not found
Refreshing native plugins compatible for Editor in 27.38 ms, found 0 plugins.
Preloading 0 native plugins for Editor in 0.00 ms.
Invoked RoslynAnalysisRunner static constructor.
RoslynAnalysisRunner will not be running.
RoslynAnalysisRunner has terminated.
Mono: successfully reloaded assembly
- Completed reload, in  1.957 seconds
Platform modules already initialized, skipping
Registering precompiled user dll's ...
Registered in 0.001128 seconds.
Begin MonoManager ReloadAssembly
Native extension for WindowsStandalone target not found
Refreshing native plugins compatible for Editor in 0.31 ms, found 0 plugins.
Preloading 0 native plugins for Editor in 0.00 ms.
Invoked RoslynAnalysisRunner static constructor.
RoslynAnalysisRunner will not be running.
RoslynAnalysisRunner has terminated.
Mono: successfully reloaded assembly
- Completed reload, in  1.446 seconds
Platform modules already initialized, skipping
========================================================================
Worker process is ready to serve import requests
Launched and connected shader compiler UnityShaderCompiler.exe after 0.05 seconds
Refreshing native plugins compatible for Editor in 0.37 ms, found 0 plugins.
Preloading 0 native plugins for Editor in 0.00 ms.
Unloading 1094 Unused Serialized files (Serialized files now loaded: 0)
System memory in use before: 56.3 MB.
System memory in use after: 56.4 MB.

Unloading 9 unused Assets to reduce memory usage. Loaded Objects now: 1536.
Total: 2.995100 ms (FindLiveObjects: 0.264000 ms CreateObjectMapping: 0.074300 ms MarkObjects: 2.583500 ms  DeleteObjects: 0.071500 ms)

========================================================================
Received Import Request.
  path: Assets/Scenes/Main.unity
  artifactKey: Guid(10af2333a06024824bc389cbcaef5f16) Importer(815301076,1909f56bfc062723c751e8b465ee728b)
Start importing Assets/Scenes/Main.unity using Guid(10af2333a06024824bc389cbcaef5f16) Importer(815301076,1909f56bfc062723c751e8b465ee728b)  -> (artifact id: '8bce99b75c5b4426ab8c89101fd43ece') in 0.040883 seconds
  Import took 0.045101 seconds .

========================================================================
Received Prepare
Registering precompiled user dll's ...
Registered in 0.001035 seconds.
Begin MonoManager ReloadAssembly
Native extension for WindowsStandalone target not found
Refreshing native plugins compatible for Editor in 0.34 ms, found 0 plugins.
Preloading 0 native plugins for Editor in 0.00 ms.
Invoked RoslynAnalysisRunner static constructor.
RoslynAnalysisRunner will not be running.
RoslynAnalysisRunner has terminated.
Mono: successfully reloaded assembly
- Completed reload, in  1.325 seconds
Platform modules already initialized, skipping
Refreshing native plugins compatible for Editor in 0.36 ms, found 0 plugins.
Preloading 0 native plugins for Editor in 0.00 ms.
Unloading 1088 Unused Serialized files (Serialized files now loaded: 0)
System memory in use before: 56.3 MB.
System memory in use after: 56.4 MB.

Unloading 4 unused Assets to reduce memory usage. Loaded Objects now: 1538.
Total: 1.850600 ms (FindLiveObjects: 0.249000 ms CreateObjectMapping: 0.083400 ms MarkObjects: 1.489000 ms  DeleteObjects: 0.027500 ms)

========================================================================
Received Import Request.
  Time since last request: 41.910742 seconds.
  path: Assets/Tiles/Tile00.prefab
  artifactKey: Guid(59e088146f42e4972a3592e98e22674c) Importer(815301076,1909f56bfc062723c751e8b465ee728b)
Start importing Assets/Tiles/Tile00.prefab using Guid(59e088146f42e4972a3592e98e22674c) Importer(815301076,1909f56bfc062723c751e8b465ee728b)  -> (artifact id: 'c2873cefb9927a4a52f47d34e8528234') in 0.198447 seconds
  Import took 0.201685 seconds .

========================================================================
Received Import Request.
  Time since last request: 6.194782 seconds.
  path: Assets/Tiles/Tile03.prefab
  artifactKey: Guid(3b8cfe10c1e8d4280b4f3a7e5d11f48d) Importer(815301076,1909f56bfc062723c751e8b465ee728b)
Start importing Assets/Tiles/Tile03.prefab using Guid(3b8cfe10c1e8d4280b4f3a7e5d11f48d) Importer(815301076,1909f56bfc062723c751e8b465ee728b)  -> (artifact id: '9e0b52cb3447806d5f75aa75856e63a1') in 0.050635 seconds
  Import took 0.053192 seconds .

========================================================================
Received Import Request.
  Time since last request: 0.011388 seconds.
  path: Assets/Tiles/Tile03.prefab
  artifactKey: Guid(3b8cfe10c1e8d4280b4f3a7e5d11f48d) Importer(815301076,1909f56bfc062723c751e8b465ee728b)
Start importing Assets/Tiles/Tile03.prefab using Guid(3b8cfe10c1e8d4280b4f3a7e5d11f48d) Importer(815301076,1909f56bfc062723c751e8b465ee728b)  -> (artifact id: '9e0b52cb3447806d5f75aa75856e63a1') in 0.017062 seconds
  Import took 0.020037 seconds .

========================================================================
Received Import Request.
  Time since last request: 2.898118 seconds.
  path: Assets/Tiles/Tile01.prefab
  artifactKey: Guid(0b21e0b7fe6c5444eb834245eecf95a6) Importer(815301076,1909f56bfc062723c751e8b465ee728b)
Start importing Assets/Tiles/Tile01.prefab using Guid(0b21e0b7fe6c5444eb834245eecf95a6) Importer(815301076,1909f56bfc062723c751e8b465ee728b)  -> (artifact id: '656671fb03c8c997c232b6c7d3d294d8') in 0.042869 seconds
  Import took 0.046315 seconds .

========================================================================
Received Import Request.
  Time since last request: 0.706671 seconds.
  path: Assets/Tiles/Tile02.prefab
  artifactKey: Guid(0f42536aef36e4433bc4e1940c87b67c) Importer(815301076,1909f56bfc062723c751e8b465ee728b)
Start importing Assets/Tiles/Tile02.prefab using Guid(0f42536aef36e4433bc4e1940c87b67c) Importer(815301076,1909f56bfc062723c751e8b465ee728b)  -> (artifact id: 'bbdc40808083ea6ae1d006a265d30719') in 0.028097 seconds
  Import took 0.031115 seconds .

========================================================================
Received Import Request.
  Time since last request: 0.012862 seconds.
  path: Assets/Tiles/Tile02.prefab
  artifactKey: Guid(0f42536aef36e4433bc4e1940c87b67c) Importer(815301076,1909f56bfc062723c751e8b465ee728b)
Start importing Assets/Tiles/Tile02.prefab using Guid(0f42536aef36e4433bc4e1940c87b67c) Importer(815301076,1909f56bfc062723c751e8b465ee728b)  -> (artifact id: 'bbdc40808083ea6ae1d006a265d30719') in 0.011438 seconds
  Import took 0.014830 seconds .

AssetImportWorkerClient::OnTransportError - code=2 error=End of file
